    {
      "source": "microsoft_windows_eventlog",
      "phase": "lateral_movement",
      "timestamp": "2025-08-11T00:58:47.700513+00:00",
      "event": {
        "TimeCreated": "2025-08-10T08:26:47.701136+00:00",
        "EventID": 1000,
        "LogName": "Application",
        "Level": "Error",
        "Task": "Application Error",
        "Keywords": "Error",
        "Computer": "WKS-3249.company.local",
        "EventRecordID": 5399841,
        "ProcessID": 4941,
        "ThreadID": 1609,
        "Channel": "Application",
        "Message": "Application Error event occurred on WKS-3249",
        "dataSource.vendor": "Microsoft",
        "dataSource.name": "Windows Event Log",
        "dataSource.category": "security",
        "ApplicationName": "outlook.exe",
        "ApplicationVersion": "19.5.2.7417",
        "ApplicationPath": "C:\\Program Files\\outlook.exe",
        "ModuleName": "outlook.exe",
        "ModuleVersion": "8.5.6.4644",
        "ExceptionCode": "0xc0000005",
        "FaultingModuleOffset": "0x0c914",
        "Source": "Microsoft-Windows-Security-Auditing",
        "OpcodeName": "Stop",
        "TaskName": "Application Error",
        "ActivityID": "{036ac141-12e8-24bd-1504-0089eaa48bce}",
        "RelatedActivityID": "{0323d9cf-169f-14e2-1272-00a4ad5a1240}",
        "UserID": "S-1-5-21-6339158101-6531056421-7197219519-1323"
      }
    },
    {
      "source": "microsoft_windows_eventlog",
      "phase": "lateral_movement",
      "timestamp": "2025-08-11T01:00:47.700513+00:00",
      "event": {
        "TimeCreated": "2025-08-10T22:51:47.701154+00:00",
        "EventID": 1074,
        "LogName": "System",
        "Level": "Information",
        "Task": "System Shutdown Initiated",
        "Keywords": "Information",
        "Computer": "WKS-1097.company.local",
        "EventRecordID": 4802156,
        "ProcessID": 2095,
        "ThreadID": 5720,
        "Channel": "System",
        "Message": "System Shutdown Initiated event occurred on WKS-1097",
        "dataSource.vendor": "Microsoft",
        "dataSource.name": "Windows Event Log",
        "dataSource.category": "security",
        "UserName": "user012",
        "ComputerName": "WKS-1097",
        "ShutdownReason": "Hardware Maintenance (Planned)",
        "Source": "Microsoft-Windows-Security-Auditing",
        "OpcodeName": "Stop",
        "TaskName": "System Shutdown Initiated",
        "ActivityID": "{03946426-14aa-26d1-204c-00a5d6293a2e}",
        "RelatedActivityID": "{041f2a22-1388-1a2a-0f37-00514fead268}",
        "UserID": "S-1-5-21-4873676632-5357807240-7155620012-8433"
      }
    },
    {
      "source": "imperva_waf",
      "phase": "lateral_movement",
      "timestamp": "2025-08-11T01:00:47.700513+00:00",
      "event": {
        "timestamp": "2025-08-10T16:32:47.701168+00:00",
        "eventId": "imp_2315486441",
        "clientIP": "167.57.96.78",
        "serverIP": "10.226.140.231",
        "httpMethod": "HEAD",
        "uri": "/api/v1/users",
        "userAgent": "Nikto/2.1.6",
        "referer": "",
        "host": "www.example.com",
        "protocol": "HTTP/1.1",
        "responseCode": 404,
        "responseSize": 15410,
        "requestSize": 6978,
        "processingTime": 955,
        "action": "Alert",
        "attackType": "Remote File Inclusion",
        "violationCategory": "Protocol",
        "severity": "High",
        "policyName": "policy_6",
        "ruleName": "rule_533",
        "ruleId": 70716,
        "confidenceLevel": 1,
        "riskScore": 84,
        "sessionId": "sess_932588372",
        "sourceCountry": "BR",
        "sourceASN": 45214,
        "destinationPort": 8080,
        "sourcePort": 56814,
        "applicationName": "Customer Portal",
        "siteName": "site_5",
        "serverGroup": "group_2",
        "dataSource.vendor": "Imperva",
        "dataSource.name": "Imperva WAF",
        "dataSource.category": "security"
      }
    },
    {
      "source": "imperva_waf",
      "phase": "lateral_movement",
      "timestamp": "2025-08-11T01:03:47.700513+00:00",
      "event": {
        "timestamp": "2025-08-10T11:10:47.701186+00:00",
        "eventId": "imp_9658276418",
        "clientIP": "215.71.70.93",
        "serverIP": "10.21.13.30",
        "httpMethod": "OPTIONS",
        "uri": "/api/v1/users",
        "userAgent": "python-requests/2.25.1",
        "referer": "https://google.com/",
        "host": "example.com",
        "protocol": "HTTP/1.1",
        "responseCode": 500,
        "responseSize": 174,
        "requestSize": 3440,
        "processingTime": 240,
        "action": "Block",
        "attackType": "Buffer Overflow",
        "violationCategory": "Data Loss Prevention",
        "severity": "Medium",
        "policyName": "policy_10",
        "ruleName": "rule_283",
        "ruleId": 34612,
        "confidenceLevel": 4,
        "riskScore": 58,
        "sessionId": "sess_524990845",
        "sourceCountry": "FR",
        "sourceASN": 52842,
        "destinationPort": 8080,
        "sourcePort": 46629,
        "applicationName": "Admin Portal",
        "siteName": "site_3",
        "serverGroup": "group_1",
        "dataSource.vendor": "Imperva",
        "dataSource.name": "Imperva WAF",
        "dataSource.category": "security",
        "dataType": "Email",
        "matchCount": 3,
        "maskedData": "***-**-****"
      }
    },
    {
      "source": "imperva_waf",
      "phase": "lateral_movement",
      "timestamp": "2025-08-11T01:06:47.700513+00:00",
      "event": {
        "timestamp": "2025-08-10T05:56:47.701202+00:00",
        "eventId": "imp_1622135888",
        "clientIP": "123.121.201.26",
        "serverIP": "10.218.228.185",
        "httpMethod": "OPTIONS",
        "uri": "/../../../etc/passwd",
        "userAgent": "Mozilla/5.0 (Windows NT 10.0; Win64; x64) AppleWebKit/537.36",
        "referer": "",
        "host": "api.example.com",
        "protocol": "HTTP/1.1",
        "responseCode": 200,
        "responseSize": 28201,
        "requestSize": 5396,
        "processingTime": 746,
        "action": "Redirect",
        "attackType": "Cross Site Scripting",
        "violationCategory": "Compliance",
        "severity": "Low",
        "policyName": "policy_8",
        "ruleName": "rule_908",
        "ruleId": 51939,
        "confidenceLevel": 10,
        "riskScore": 0,
        "sessionId": "sess_889657759",
        "sourceCountry": "BR",
        "sourceASN": 96328,
        "destinationPort": 80,
        "sourcePort": 65348,
        "applicationName": "Admin Portal",
        "siteName": "site_1",
        "serverGroup": "group_1",
        "dataSource.vendor": "Imperva",
        "dataSource.name": "Imperva WAF",
        "dataSource.category": "security",
        "xssPattern": "javascript:alert(1)"
      }
    },
    {
      "source": "imperva_waf",
      "phase": "lateral_movement",
      "timestamp": "2025-08-11T01:09:47.700513+00:00",
      "event": {
        "timestamp": "2025-08-10T08:21:47.701216+00:00",
        "eventId": "imp_7786177076",
        "clientIP": "181.147.103.24",
        "serverIP": "10.3.230.138",
        "httpMethod": "POST",
        "uri": "/search",
        "userAgent": "Nikto/2.1.6",
        "referer": "",
        "host": "example.com",
        "protocol": "HTTP/2.0",
        "responseCode": 500,
        "responseSize": 37998,
        "requestSize": 6957,
        "processingTime": 754,
        "action": "Redirect",
        "attackType": "Local File Inclusion",
        "violationCategory": "Data Loss Prevention",
        "severity": "Medium",
        "policyName": "policy_7",
        "ruleName": "rule_572",
        "ruleId": 13306,
        "confidenceLevel": 3,
        "riskScore": 19,
        "sessionId": "sess_519693079",
        "sourceCountry": "US",
        "sourceASN": 50584,
        "destinationPort": 80,
        "sourcePort": 45438,
        "applicationName": "Customer Portal",
        "siteName": "site_2",
        "serverGroup": "group_1",
        "dataSource.vendor": "Imperva",
        "dataSource.name": "Imperva WAF",
        "dataSource.category": "security",
        "dataType": "Credit Card",
        "matchCount": 10,
        "maskedData": "***-**-****"
      }
    },
    {
      "source": "aws_cloudtrail",
      "phase": "persistence",
      "timestamp": "2025-08-11T01:10:47.700513+00:00",
      "event": {
        "eventCategory": "Insight",
        "eventName": "CreateModelCustomizationJob",
        "eventSource": "bedrock.amazonaws.com",
        "eventTime": "2025-08-11T00:00:47Z",
        "eventVersion": "1.09",
        "eventID": "4c2e1b6a-104c-4918-b132-98edd1cbf879",
        "eventType": "AwsApiCall",
        "awsRegion": "us-west-2",
        "readOnly": false,
        "managementEvent": true,
        "recipientAccountId": "210987654321",
        "sourceIPAddress": "44.78.237.173",
        "userAgent": "aws-cli/2.15.9 Python/3.11.4 Linux/5.10",
        "tlsDetails": {
          "tlsVersion": "TLSv1.3",
          "cipherSuite": "ECDHE-RSA-AES256-GCM-SHA384",
          "clientProvidedHostHeader": "bedrock.amazonaws.com"
        },
        "userIdentity": {
          "type": "IAMUser",
          "principalId": "AIDAHAXOR9080",
          "arn": "arn:aws:iam::210987654321:user/Haxorsaurus",
          "accountId": "210987654321",
          "accessKeyId": "AKIA24F44A23F41D4BBA",
          "userName": "Haxorsaurus",
          "sessionContext": {
            "sessionIssuer": {
              "type": "Role",
              "principalId": "AROAEXAMPLE",
              "arn": "arn:aws:iam::123456789012:role/demo-role",
              "userName": "demo-role",
              "accountId": "123456789012"
            },
            "attributes": {
              "creationDate": "2025-08-10T23:55:47Z",
              "mfaAuthenticated": "false"
            }
          }
        },
        "requestID": "505f276a-4afc-41c0-b05d-9866bc0e9aa7",
        "requestParameters": {
          "durationSeconds": 900,
          "roleArn": "arn:aws:iam::123456789012:role/demo-role",
          "roleSessionName": "demo-session",
          "externalId": "93a48f27-10a2-42d2-a8d6-605f747aba26",
          "baseModel": "bedrock/llama2",
          "trainingDataS3Uri": "s3://jean-personal-data/full_dump/"
        },
        "responseElements": {
          "assumedRoleUser": {
            "assumedRoleId": "AROAEXAMPLE:demo-session",
            "arn": "arn:aws:sts::123456789012:assumed-role/demo-role/demo-session"
          },
          "credentials": {
            "accessKeyId": "ASIAEF085B5304CF44F8",
            "sessionToken": "IQoJb3JpZ2luX2VjEJ7//////////wEaCXVzLWVhc3QtMSJHMEUCIQD...",
            "expiration": "2025-08-11T01:00:47Z"
          },
          "sourceIdentity": "demo"
        },
        "sharedEventID": "c1636d3e-cea0-439d-81a4-3ec445ebed0a",
        "vpcEndpointId": "vpce-0e3bf70607",
        "resources": [
          {
            "accountId": "123456789012",
            "type": "AWS::S3::Bucket",
            "ARN": "arn:aws:s3:::demo-bucket"
          }
        ],
        "additionalEventData": {
          "SignatureVersion": "SigV4",
          "CipherSuite": "ECDHE-RSA-AES256-GCM-SHA384",
          "bytesTransferredIn": 0,
          "bytesTransferredOut": 1024,
          "AuthenticationMethod": "AuthHeader",
          "x-amz-id-2": "c405cd9221114f2cabd6a40dcae475bd"
        },
        "message": "CreateModelCustomizationJob on bedrock.amazonaws.com"
      }
    },
    {
      "source": "aws_cloudtrail",
      "phase": "persistence",
      "timestamp": "2025-08-11T01:12:47.700513+00:00",
      "event": {
        "eventCategory": "Insight",
        "eventName": "StartInstances",
        "eventSource": "ec2.amazonaws.com",
        "eventTime": "2025-08-11T00:00:47Z",
        "eventVersion": "1.09",
        "eventID": "5ffc71b9-c085-4182-90c8-3580b0ce0163",
        "eventType": "AwsApiCall",
        "awsRegion": "us-west-2",
        "readOnly": false,
        "managementEvent": true,
        "recipientAccountId": "123456789012",
        "sourceIPAddress": "115.70.107.220",
        "userAgent": "aws-cli/2.15.9 Python/3.11.4 Linux/5.10",
        "tlsDetails": {
          "tlsVersion": "TLSv1.2",
          "cipherSuite": "ECDHE-RSA-AES128-GCM-SHA256",
          "clientProvidedHostHeader": "ec2.amazonaws.com"
        },
        "userIdentity": {
          "type": "IAMUser",
          "principalId": "AIDAEXAMPLE3795",
          "arn": "arn:aws:iam::123456789012:user/demo",
          "accountId": "123456789012",
          "accessKeyId": "AKIAD4457CC5DC284C96",
          "userName": "demo",
          "sessionContext": {
            "sessionIssuer": {
              "type": "Role",
              "principalId": "AROAEXAMPLE",
              "arn": "arn:aws:iam::123456789012:role/demo-role",
              "userName": "demo-role",
              "accountId": "123456789012"
            },
            "attributes": {
              "creationDate": "2025-08-10T23:55:47Z",
              "mfaAuthenticated": "false"
            }
          }
        },
        "requestID": "90f26723-71d7-4fa2-a5eb-3b62f76ec9af",
        "requestParameters": {
          "durationSeconds": 900,
          "roleArn": "arn:aws:iam::123456789012:role/demo-role",
          "roleSessionName": "demo-session",
          "externalId": "7b5d6acb-8d96-4240-a264-5b651aa2330d"
        },
        "responseElements": {
          "assumedRoleUser": {
            "assumedRoleId": "AROAEXAMPLE:demo-session",
            "arn": "arn:aws:sts::123456789012:assumed-role/demo-role/demo-session"
          },
          "credentials": {
            "accessKeyId": "ASIAE86C20F899D34884",
            "sessionToken": "IQoJb3JpZ2luX2VjEJ7//////////wEaCXVzLWVhc3QtMSJHMEUCIQD...",
            "expiration": "2025-08-11T01:00:47Z"
          },
          "sourceIdentity": "demo"
        },
        "sharedEventID": "5c32016f-2394-40da-9890-e0df120a1e02",
        "vpcEndpointId": "vpce-084aef0374",
        "resources": [
          {
            "accountId": "123456789012",
            "type": "AWS::S3::Bucket",
            "ARN": "arn:aws:s3:::demo-bucket"
          }
        ],
        "additionalEventData": {
          "SignatureVersion": "SigV4",
          "CipherSuite": "ECDHE-RSA-AES128-GCM-SHA256",
          "bytesTransferredIn": 0,
          "bytesTransferredOut": 1024,
          "AuthenticationMethod": "AuthHeader",
          "x-amz-id-2": "d488104b13ac4d7bbdcfbc22f4b97113"
        },
        "message": "StartInstances on ec2.amazonaws.com"
      }
    },
    {
      "source": "aws_cloudtrail",
      "phase": "persistence",
      "timestamp": "2025-08-11T01:14:47.700513+00:00",
      "event": {
        "eventCategory": "Data",
        "eventName": "CreateLogGroup",
        "eventSource": "logs.amazonaws.com",
        "eventTime": "2025-08-11T00:00:47Z",
        "eventVersion": "1.09",
        "eventID": "3dc6b6a1-f489-4d6b-89d8-9f16f5fc6463",
        "eventType": "AwsApiCall",
        "awsRegion": "ap-southeast-2",
        "readOnly": false,
        "managementEvent": true,
        "recipientAccountId": "123456789012",
        "sourceIPAddress": "254.190.155.178",
        "userAgent": "aws-cli/2.15.9 Python/3.11.4 Linux/5.10",
        "tlsDetails": {
          "tlsVersion": "TLSv1.2",
          "cipherSuite": "ECDHE-RSA-AES256-GCM-SHA384",
          "clientProvidedHostHeader": "logs.amazonaws.com"
        },
        "userIdentity": {
          "type": "IAMUser",
          "principalId": "AIDAEXAMPLE9656",
          "arn": "arn:aws:iam::123456789012:user/demo",
          "accountId": "123456789012",
          "accessKeyId": "AKIA666017699CFE4E68",
          "userName": "demo",
          "sessionContext": {
            "sessionIssuer": {
              "type": "Role",
              "principalId": "AROAEXAMPLE",
              "arn": "arn:aws:iam::123456789012:role/demo-role",
              "userName": "demo-role",
              "accountId": "123456789012"
            },
            "attributes": {
              "creationDate": "2025-08-10T23:55:47Z",
              "mfaAuthenticated": "false"
            }
          }
        },
        "requestID": "18381e89-df74-4278-9e8c-037b4d8eb13f",
        "requestParameters": {
          "durationSeconds": 900,
          "roleArn": "arn:aws:iam::123456789012:role/demo-role",
          "roleSessionName": "demo-session",
          "externalId": "0d0743b0-6f14-4db5-a9c1-9009536ccb94"
        },
        "responseElements": {
          "assumedRoleUser": {
            "assumedRoleId": "AROAEXAMPLE:demo-session",
            "arn": "arn:aws:sts::123456789012:assumed-role/demo-role/demo-session"
          },
          "credentials": {
            "accessKeyId": "ASIA5266C79F75EF4610",
            "sessionToken": "IQoJb3JpZ2luX2VjEJ7//////////wEaCXVzLWVhc3QtMSJHMEUCIQD...",
            "expiration": "2025-08-11T01:00:47Z"
          },
          "sourceIdentity": "demo"
        },
        "sharedEventID": "5a345732-3426-4395-a6cb-f1131b944322",
        "vpcEndpointId": "vpce-02a77e6d01",
        "resources": [
          {
            "accountId": "123456789012",
            "type": "AWS::S3::Bucket",
            "ARN": "arn:aws:s3:::demo-bucket"
          }
        ],
        "additionalEventData": {
          "SignatureVersion": "SigV4",
          "CipherSuite": "ECDHE-RSA-AES128-GCM-SHA256",
          "bytesTransferredIn": 0,
          "bytesTransferredOut": 1024,
          "AuthenticationMethod": "AuthHeader",
          "x-amz-id-2": "9e934762494c48a7b3f1053b594770a6"
        },
        "message": "CreateLogGroup on logs.amazonaws.com"
      }
    },
    {
      "source": "aws_cloudtrail",
      "phase": "persistence",
      "timestamp": "2025-08-11T01:16:47.700513+00:00",
      "event": {
        "eventCategory": "Insight",
        "eventName": "StartQueryExecution",
        "eventSource": "athena.amazonaws.com",
        "eventTime": "2025-08-11T00:00:47Z",
        "eventVersion": "1.09",
        "eventID": "8a8f1332-08cf-433c-86c5-145ec1b9fd02",
        "eventType": "AwsApiCall",
        "awsRegion": "us-west-2",
        "readOnly": true,
        "managementEvent": true,
        "recipientAccountId": "123456789012",
        "sourceIPAddress": "252.125.117.33",
        "userAgent": "aws-cli/2.15.9 Python/3.11.4 Linux/5.10",
        "tlsDetails": {
          "tlsVersion": "TLSv1.3",
          "cipherSuite": "ECDHE-RSA-AES128-GCM-SHA256",
          "clientProvidedHostHeader": "athena.amazonaws.com"
        },
        "userIdentity": {
          "type": "IAMUser",
          "principalId": "AIDAEXAMPLE3719",
          "arn": "arn:aws:iam::123456789012:user/demo",
          "accountId": "123456789012",
          "accessKeyId": "AKIA6E87CC54E65A46FF",
          "userName": "demo",
          "sessionContext": {
            "sessionIssuer": {
              "type": "Role",
              "principalId": "AROAEXAMPLE",
              "arn": "arn:aws:iam::123456789012:role/demo-role",
              "userName": "demo-role",
              "accountId": "123456789012"
            },
            "attributes": {
              "creationDate": "2025-08-10T23:55:47Z",
              "mfaAuthenticated": "false"
            }
          }
        },
        "requestID": "fa21e31e-acc1-4edc-a598-ca14c147188a",
        "requestParameters": {
          "durationSeconds": 900,
          "roleArn": "arn:aws:iam::123456789012:role/demo-role",
          "roleSessionName": "demo-session",
          "externalId": "69ae2780-4930-4a92-b44e-1cc662ab0c70",
          "workGroup": "primary",
          "queryString": "SELECT * FROM malicious_ips;"
        },
        "responseElements": {
          "assumedRoleUser": {
            "assumedRoleId": "AROAEXAMPLE:demo-session",
            "arn": "arn:aws:sts::123456789012:assumed-role/demo-role/demo-session"
          },
          "credentials": {
            "accessKeyId": "ASIAE15447DB5E4847B7",
            "sessionToken": "IQoJb3JpZ2luX2VjEJ7//////////wEaCXVzLWVhc3QtMSJHMEUCIQD...",
            "expiration": "2025-08-11T01:00:47Z"
          },
          "sourceIdentity": "demo"
        },
        "sharedEventID": "15b7c4c9-977e-48c0-9c5e-495ae4f03e1a",
        "vpcEndpointId": "vpce-06b047d49d",
        "resources": [
          {
            "accountId": "123456789012",
            "type": "AWS::S3::Bucket",
            "ARN": "arn:aws:s3:::demo-bucket"
          }
        ],
        "additionalEventData": {
          "SignatureVersion": "SigV4",
          "CipherSuite": "ECDHE-RSA-AES256-GCM-SHA384",
          "bytesTransferredIn": 0,
          "bytesTransferredOut": 1024,
          "AuthenticationMethod": "AuthHeader",
          "x-amz-id-2": "fc2a2bb8e0d64199bd7a2094d3d43169"
        },
        "message": "StartQueryExecution on athena.amazonaws.com"
      }
    },
    {
      "source": "aws_cloudtrail",
      "phase": "persistence",
      "timestamp": "2025-08-11T01:18:47.700513+00:00",
      "event": {
        "eventCategory": "Management",
        "eventName": "Invoke",
        "eventSource": "lambda.amazonaws.com",
        "eventTime": "2025-08-11T00:00:47Z",
        "eventVersion": "1.09",
        "eventID": "28923cee-0bff-4034-af8a-617407403fc8",
        "eventType": "AwsApiCall",
        "awsRegion": "eu-central-1",
        "readOnly": false,
        "managementEvent": true,
        "recipientAccountId": "123456789012",
        "sourceIPAddress": "113.58.154.230",
        "userAgent": "aws-cli/2.15.9 Python/3.11.4 Linux/5.10",
        "tlsDetails": {
          "tlsVersion": "TLSv1.3",
          "cipherSuite": "ECDHE-RSA-AES128-GCM-SHA256",
          "clientProvidedHostHeader": "lambda.amazonaws.com"
        },
        "userIdentity": {
          "type": "IAMUser",
          "principalId": "AIDAEXAMPLE2363",
          "arn": "arn:aws:iam::123456789012:user/demo",
          "accountId": "123456789012",
          "accessKeyId": "AKIAA135A98EEBAB43C9",
          "userName": "demo",
          "sessionContext": {
            "sessionIssuer": {
              "type": "Role",
              "principalId": "AROAEXAMPLE",
              "arn": "arn:aws:iam::123456789012:role/demo-role",
              "userName": "demo-role",
              "accountId": "123456789012"
            },
            "attributes": {
              "creationDate": "2025-08-10T23:55:47Z",
              "mfaAuthenticated": "false"
            }
          }
        },
        "requestID": "718d29d3-85ce-4948-bb32-3ad22db4bc00",
        "requestParameters": {
          "durationSeconds": 900,
          "roleArn": "arn:aws:iam::123456789012:role/demo-role",
          "roleSessionName": "demo-session",
          "externalId": "d1f823d8-6420-4160-8582-81fe9357778b"
        },
        "responseElements": {
          "assumedRoleUser": {
            "assumedRoleId": "AROAEXAMPLE:demo-session",
            "arn": "arn:aws:sts::123456789012:assumed-role/demo-role/demo-session"
          },
          "credentials": {
            "accessKeyId": "ASIAB494CF1585094252",
            "sessionToken": "IQoJb3JpZ2luX2VjEJ7//////////wEaCXVzLWVhc3QtMSJHMEUCIQD...",
            "expiration": "2025-08-11T01:00:47Z"
          },
          "sourceIdentity": "demo"
        },
        "sharedEventID": "c4421a86-7294-4890-b89a-ceaa40c2f011",
        "vpcEndpointId": "vpce-0960cb8bd0",
        "resources": [
          {
            "accountId": "123456789012",
            "type": "AWS::S3::Bucket",
            "ARN": "arn:aws:s3:::demo-bucket"
          }
        ],
        "additionalEventData": {
          "SignatureVersion": "SigV4",
          "CipherSuite": "ECDHE-RSA-AES256-GCM-SHA384",
          "bytesTransferredIn": 0,
          "bytesTransferredOut": 1024,
          "AuthenticationMethod": "AuthHeader",
          "x-amz-id-2": "552237a5afee4482b6751dd5932d4ca2"
        },
        "message": "Invoke on lambda.amazonaws.com"
      }
    },
    {
      "source": "hashicorp_vault",
      "phase": "credential_access",
      "timestamp": "2025-08-11T01:20:47.700513+00:00",
      "event": {
        "time": "2025-08-10T23:58:49.701380Z",
        "type": "response",
        "auth": {
          "client_token": "hvs.298b1443b9a842d3b0b0f7c09a1008f3",
          "accessor": "acc_4f1a0d6cd0a64294",
          "display_name": "john.doe",
          "policies": [
            "app-server",
            "ci-cd"
          ],
          "token_policies": [
            "ci-cd"
          ],
          "metadata": {
            "username": "john.doe",
            "service": null
          },
          "entity_id": "c5866164-cf16-4729-8487-9f175a6890e9",
          "token_type": "service",
          "token_ttl": 19751,
          "token_issue_time": "2025-08-10T23:58:49.701380Z"
        },
        "request": {
          "id": "a8a4f683-19db-42c9-85e1-c8332a07bafc",
          "operation": "snapshot",
          "mount_type": "kv",
          "client_token": "hvs.940391a72c4b45fc885882efcc45ed5b",
          "client_token_accessor": "acc_d63b88f039e64d0d",
          "namespace": {
            "id": "root",
            "path": ""
          },
          "path": "sys/auth",
          "data": {},
          "policy_override": false,
          "remote_address": "10.126.143.166",
          "wrap_ttl": 0,
          "headers": {
            "user-agent": [
              "consul-template/0.29.0"
            ],
            "content-type": [
              "application/json"
            ],
            "x-forwarded-for": [
              "10.96.115.203"
            ]
          }
        },
        "response": {
          "mount_type": "transit",
          "data": null,
          "status_code": 503,
          "duration": 169,
          "headers": {
            "cache-control": [
              "no-store"
            ],
            "content-type": [
              "application/json"
            ],
            "x-vault-request-id": [
              "a8a4f683-19db-42c9-85e1-c8332a07bafc"
            ]
          }
        },
        "error": "service unavailable",
        "cluster_id": "e17d1cd3-22c0-493e-af78-7230f4b47afc",
        "version": "1.12.0",
        "build_date": "2023-10-20T09:15:00Z",
        "hostname": "vault-3.company.com",
        "node_id": "node_d2c1ad46"
      }
    },
    {
      "source": "hashicorp_vault",
      "phase": "credential_access",
      "timestamp": "2025-08-11T01:23:47.700513+00:00",
      "event": {
        "time": "2025-08-11T00:00:44.701420Z",
        "type": "response",
        "auth": {
          "client_token": "hvs.49cde4805b6d4960acfcd7d7ad9a043e",
          "accessor": "acc_dfb7b46464c747ea",
          "display_name": "app-server-01",
          "policies": [
            "secret-reader",
            "ci-cd"
          ],
          "token_policies": [
            "pki-operator",
            "secret-reader"
          ],
          "metadata": {
            "username": null,
            "service": "app-server-01"
          },
          "entity_id": "bb25c9e4-0f70-4992-995e-5e0b83ec7678",
          "token_type": "service",
          "token_ttl": 18576,
          "token_issue_time": "2025-08-11T00:00:44.701420Z"
        },
        "request": {
          "id": "060ad691-d34a-44cb-91f5-fdc48c64eb2b",
          "operation": "update",
          "mount_type": "ssh",
          "client_token": "hvs.95930a1c77bc4f75a0c433bd9c531849",
          "client_token_accessor": "acc_f77da573c4b84551",
          "namespace": {
            "id": "root",
            "path": ""
          },
          "path": "auth/aws/login",
          "data": {},
          "policy_override": false,
          "remote_address": "10.130.85.226",
          "wrap_ttl": 0,
          "headers": {
            "user-agent": [
              "consul-template/0.29.0"
            ],
            "content-type": [
              "application/json"
            ],
            "x-forwarded-for": [
              "10.30.237.24"
            ]
          }
        },
        "response": {
          "mount_type": "kv",
          "data": null,
          "status_code": 400,
          "duration": 950,
          "headers": {
            "cache-control": [
              "no-store"
            ],
            "content-type": [
              "application/json"
            ],
            "x-vault-request-id": [
              "060ad691-d34a-44cb-91f5-fdc48c64eb2b"
            ]
          }
        },
        "error": "invalid request",
        "cluster_id": "30f5ee95-abe6-4f1b-9f75-c86876c4c6e5",
        "version": "1.12.0",
        "build_date": "2023-10-20T09:15:00Z",
        "hostname": "vault-1.company.com",
        "node_id": "node_5624eed0"
      }
    },
    {
      "source": "hashicorp_vault",
      "phase": "credential_access",
      "timestamp": "2025-08-11T01:26:47.700513+00:00",
      "event": {
        "time": "2025-08-10T23:59:59.701458Z",
        "type": "response",
        "auth": {
          "client_token": "hvs.461247f3383a498d939acca8e183eb0c",
          "accessor": "acc_10d3637bf9654751",
          "display_name": "app-server-01",
          "policies": [
            "secret-reader",
            "ci-cd"
          ],
          "token_policies": [
            "ci-cd"
          ],
          "metadata": {
            "username": null,
            "service": "app-server-01"
          },
          "entity_id": "a836d870-2e24-48f8-a3a5-301c48637aad",
          "token_type": "batch",
          "token_ttl": 26726,
          "token_issue_time": "2025-08-10T23:59:59.701458Z"
        },
        "request": {
          "id": "966d8261-5fe7-483e-8f1d-b019d60cec4c",
          "operation": "create",
          "mount_type": "nomad",
          "client_token": "hvs.17b30bdaf33b4af0988f330c24d76f49",
          "client_token_accessor": "acc_62271e8c754744f0",
          "namespace": {
            "id": "root",
            "path": ""
          },
          "path": "pki/issue/web-server",
          "data": {},
          "policy_override": false,
          "remote_address": "10.147.138.217",
          "wrap_ttl": 0,
          "headers": {
            "user-agent": [
              "vault-k8s/1.1.0"
            ],
            "content-type": [
              "application/json"
            ],
            "x-forwarded-for": [
              "10.209.66.19"
            ]
          }
        },
        "response": {
          "mount_type": "consul",
          "data": null,
          "status_code": 502,
          "duration": 395,
          "headers": {
            "cache-control": [
              "no-store"
            ],
            "content-type": [
              "application/json"
            ],
            "x-vault-request-id": [
              "966d8261-5fe7-483e-8f1d-b019d60cec4c"
            ]
          }
        },
        "error": "bad gateway",
        "cluster_id": "0d5b7050-613b-4600-969d-daccc4683fe0",
        "version": "1.12.0",
        "build_date": "2023-10-20T09:15:00Z",
        "hostname": "vault-2.company.com",
        "node_id": "node_3ab0a4ea"
      }
    },
    {
      "source": "harness_ci",
      "phase": "persistence",
      "timestamp": "2025-08-11T01:30:47.700513+00:00",
      "event": {
        "raw": "2025-08-10T11:52:47Z Harness pipelineId=\"pipeline-123\" executionId=\"exec-789\" status=\"CANCELLED\" trigger=\"git_push\" initiator=\"ci-bot\" message=\"Deployment successful\"",
        "vendor": "harness",
        "product": "ci",
        "log_type": "pipeline_event"
      }
    },
    {
      "source": "harness_ci",
      "phase": "persistence",
      "timestamp": "2025-08-11T01:34:47.700513+00:00",
      "event": {
        "raw": "2025-08-10T01:43:47Z Harness pipelineId=\"frontend-build\" executionId=\"exec-101\" status=\"RUNNING\" trigger=\"webhook\" initiator=\"devuser\" message=\"Quality gate failed\"",
        "vendor": "harness",
        "product": "ci",
        "log_type": "pipeline_event"
      }
    },
    {
      "source": "harness_ci",
      "phase": "persistence",
      "timestamp": "2025-08-11T01:38:47.700513+00:00",
      "event": {
        "raw": "2025-08-10T04:12:47Z Harness pipelineId=\"backend-deploy\" executionId=\"exec-789\" status=\"RUNNING\" trigger=\"schedule\" initiator=\"devuser\" message=\"Build stage completed\"",
        "vendor": "harness",
        "product": "ci",
        "log_type": "pipeline_event"
      }
    },
    {
      "source": "pingprotect",
      "phase": "detection",
      "timestamp": "2025-08-11T01:40:47.700513+00:00",
      "event": {
        "timestamp": "2025-08-10T23:53:47.701508Z",
        "dataSource": "PingProtect",
        "recordedAt": "2025-08-10T23:53:47.701508.000Z",
        "actors.client.id": "adminui",
        "actors.user.id": "4d663315-52ed-43f6-a72d-af0bb99a82b7",
        "source.ip": "203.0.113.61",
        "action.type": "ROLE_ASSIGNMENT.DELETED",
        "dataSource.vendor": "Ping Identity",
        "dataSource.name": "PingProtect",
        "dataSource.category": "security",
        "action.description": "Role Assignment Deleted",
        "resources.application.id": "33517e61-1323-427b-9dd8-877beab1ba39",
        "result.status": "FAILURE",
        "result.description": "Failed to delete role assignment - insufficient permissions"
      }
    },
    {
      "source": "pingprotect",
      "phase": "detection",
      "timestamp": "2025-08-11T01:45:47.700513+00:00",
      "event": {
        "timestamp": "2025-08-10T23:45:47.701516Z",
        "dataSource": "PingProtect",
        "recordedAt": "2025-08-10T23:45:47.701516.000Z",
        "actors.client.id": "adminui",
        "actors.user.id": "379513b2-ac05-4e34-badc-f2e961ccb913",
        "source.ip": "203.0.113.172",
        "action.type": "SECRET.READ",
        "dataSource.vendor": "Ping Identity",
        "dataSource.name": "PingProtect",
        "dataSource.category": "security",
        "action.description": "Secret Read",
        "resources.application.id": "4509f8d0-a246-4c5b-9960-8cfc5ecf49fb",
        "result.status": "FAILURE",
        "result.description": "Failed to read client secret - access denied"
      }
    }
  ],
  "correlation_opportunities": [
    "\ud83d\udd17 Cross-platform user behavior analysis",
    "\ud83d\udd17 Attack progression timeline correlation",
    "\ud83d\udd17 Infrastructure traversal mapping",
    "\ud83d\udd17 Credential reuse detection",
    "\ud83d\udd17 Multi-stage attack reconstruction",
    "\ud83d\udd17 Threat hunting across data sources"
  ]
}